[ 2017-04-24T21:43:42+08:00 ] ::1 /imooc/index.php?c=index&a=index
INFO: [ app_init ] --START--
INFO: Run Behavior\BuildLiteBehavior [ RunTime:0.000019s ]
INFO: [ app_init ] --END-- [ RunTime:0.000459s ]
INFO: [ app_begin ] --START--
INFO: Run Behavior\ReadHtmlCacheBehavior [ RunTime:0.000691s ]
INFO: [ app_begin ] --END-- [ RunTime:0.000776s ]
NOTIC: [2048] Declaration of Home\Controller\CommonController::error() should be compatible with Think\Controller::error($message = '', $jumpUrl = '', $ajax = false) E:\Apache\htdocs\imooc\Application\Home\Controller\CommonController.class.php 第 24 行.
NOTIC: [2048] Declaration of Common\Model\NewsModel::find() should be compatible with Think\Model::find($options = Array) E:\Apache\htdocs\imooc\Application\Common\Model\NewsModel.class.php 第 9 行.
ERR: SQLSTATE[HY000] [1045] Access denied for user 'root'@'localhost' (using password: YES)

[ 2017-04-24T22:16:38+08:00 ] ::1 /imooc/index.php?c=index&a=index
INFO: [ app_init ] --START--
INFO: Run Behavior\BuildLiteBehavior [ RunTime:0.000021s ]
INFO: [ app_init ] --END-- [ RunTime:0.007428s ]
INFO: [ app_begin ] --START--
INFO: Run Behavior\ReadHtmlCacheBehavior [ RunTime:0.010382s ]
INFO: [ app_begin ] --END-- [ RunTime:0.010571s ]
NOTIC: [2048] Declaration of Home\Controller\CommonController::error() should be compatible with Think\Controller::error($message = '', $jumpUrl = '', $ajax = false) E:\Apache\htdocs\imooc\Application\Home\Controller\CommonController.class.php 第 24 行.
NOTIC: [2048] Declaration of Common\Model\NewsModel::find() should be compatible with Think\Model::find($options = Array) E:\Apache\htdocs\imooc\Application\Common\Model\NewsModel.class.php 第 9 行.
ERR: SQLSTATE[HY000] [1045] Access denied for user 'root'@'localhost' (using password: YES)

[ 2017-04-24T22:16:42+08:00 ] ::1 /imooc/index.php?c=index&a=login
INFO: [ app_init ] --START--
INFO: Run Behavior\BuildLiteBehavior [ RunTime:0.000040s ]
INFO: [ app_init ] --END-- [ RunTime:0.000871s ]
INFO: [ app_begin ] --START--
INFO: Run Behavior\ReadHtmlCacheBehavior [ RunTime:0.001068s ]
INFO: [ app_begin ] --END-- [ RunTime:0.001214s ]
NOTIC: [2048] Declaration of Home\Controller\CommonController::error() should be compatible with Think\Controller::error($message = '', $jumpUrl = '', $ajax = false) E:\Apache\htdocs\imooc\Application\Home\Controller\CommonController.class.php 第 24 行.
ERR: 非法操作:login

[ 2017-04-24T22:18:30+08:00 ] ::1 /imooc/index.php
INFO: [ app_init ] --START--
INFO: Run Behavior\BuildLiteBehavior [ RunTime:0.000024s ]
INFO: [ app_init ] --END-- [ RunTime:0.000603s ]
INFO: [ app_begin ] --START--
INFO: Run Behavior\ReadHtmlCacheBehavior [ RunTime:0.003777s ]
INFO: [ app_begin ] --END-- [ RunTime:0.003889s ]
NOTIC: [2048] Declaration of Home\Controller\CommonController::error() should be compatible with Think\Controller::error($message = '', $jumpUrl = '', $ajax = false) E:\Apache\htdocs\imooc\Application\Home\Controller\CommonController.class.php 第 24 行.
NOTIC: [2048] Declaration of Common\Model\NewsModel::find() should be compatible with Think\Model::find($options = Array) E:\Apache\htdocs\imooc\Application\Common\Model\NewsModel.class.php 第 9 行.
ERR: SQLSTATE[HY000] [1045] Access denied for user 'root'@'localhost' (using password: YES)

[ 2017-04-24T22:19:05+08:00 ] ::1 /imooc/index.php
INFO: [ app_init ] --START--
INFO: Run Behavior\BuildLiteBehavior [ RunTime:0.000019s ]
INFO: [ app_init ] --END-- [ RunTime:0.000570s ]
INFO: [ app_begin ] --START--
INFO: Run Behavior\ReadHtmlCacheBehavior [ RunTime:0.000761s ]
INFO: [ app_begin ] --END-- [ RunTime:0.000837s ]
NOTIC: [2048] Declaration of Home\Controller\CommonController::error() should be compatible with Think\Controller::error($message = '', $jumpUrl = '', $ajax = false) E:\Apache\htdocs\imooc\Application\Home\Controller\CommonController.class.php 第 24 行.
NOTIC: [2048] Declaration of Common\Model\NewsModel::find() should be compatible with Think\Model::find($options = Array) E:\Apache\htdocs\imooc\Application\Common\Model\NewsModel.class.php 第 9 行.
SQL: SHOW COLUMNS FROM `cms_news` [ RunTime:0.0513s ]
SQL: SELECT * FROM `cms_news` WHERE `status` = 1 ORDER BY count desc,news_id desc  LIMIT 10   [ RunTime:0.0012s ]
NOTIC: [2048] Declaration of Common\Model\PositionContentModel::find() should be compatible with Think\Model::find($options = Array) E:\Apache\htdocs\imooc\Application\Common\Model\PositionContentModel.class.php 第 89 行.
SQL: SHOW COLUMNS FROM `cms_position_content` [ RunTime:0.0063s ]
NOTIC: [8] Undefined index: title E:\Apache\htdocs\imooc\Application\Common\Model\PositionContentModel.class.php 第 18 行.
SQL: SELECT * FROM `cms_position_content` WHERE `status` = 1 AND `position_id` = 2 ORDER BY listorder desc ,id desc LIMIT 1   [ RunTime:0.0006s ]
NOTIC: [8] Undefined index: title E:\Apache\htdocs\imooc\Application\Common\Model\PositionContentModel.class.php 第 18 行.
SQL: SELECT * FROM `cms_position_content` WHERE `status` = 1 AND `position_id` = 3 ORDER BY listorder desc ,id desc LIMIT 3   [ RunTime:0.0014s ]
SQL: SELECT * FROM `cms_news` WHERE `status` = 1 AND `thumb` <> '' ORDER BY news_id desc LIMIT 30   [ RunTime:0.0017s ]
NOTIC: [8] Undefined index: title E:\Apache\htdocs\imooc\Application\Common\Model\PositionContentModel.class.php 第 18 行.
SQL: SELECT * FROM `cms_position_content` WHERE `status` = 1 AND `position_id` = 5 ORDER BY listorder desc ,id desc LIMIT 2   [ RunTime:0.0161s ]
INFO: [ view_parse ] --START--
INFO: [ template_filter ] --START--
INFO: Run Behavior\ContentReplaceBehavior [ RunTime:0.013512s ]
INFO: [ template_filter ] --END-- [ RunTime:0.013772s ]
NOTIC: [2048] Declaration of Common\Model\BasicModel::save() should be compatible with Think\Model::save($data = '', $options = Array) E:\Apache\htdocs\imooc\Application\Common\Model\BasicModel.class.php 第 30 行.
NOTIC: [2048] Declaration of Common\Model\BasicModel::select() should be compatible with Think\Model::select($options = Array) E:\Apache\htdocs\imooc\Application\Common\Model\BasicModel.class.php 第 30 行.
NOTIC: [2048] Declaration of Common\Model\MenuModel::find() should be compatible with Think\Model::find($options = Array) E:\Apache\htdocs\imooc\Application\Common\Model\MenuModel.class.php 第 92 行.
SQL: SHOW COLUMNS FROM `cms_menu` [ RunTime:0.0093s ]
SQL: SELECT * FROM `cms_menu` WHERE `status` = 1 AND `type` = 0 ORDER BY listorder desc,menu_id desc  [ RunTime:0.0006s ]
NOTIC: [8] Undefined index: name E:\Apache\htdocs\imooc\Application\Runtime\Cache\Home\2a94b8bda04ff446dcedd42276fc99ee.php 第 80 行.
NOTIC: [8] Undefined index: name E:\Apache\htdocs\imooc\Application\Runtime\Cache\Home\2a94b8bda04ff446dcedd42276fc99ee.php 第 80 行.
INFO: Run Behavior\ParseTemplateBehavior [ RunTime:0.285942s ]
INFO: [ view_parse ] --END-- [ RunTime:0.286040s ]
INFO: [ view_filter ] --START--
INFO: Run Behavior\WriteHtmlCacheBehavior [ RunTime:0.014684s ]
INFO: [ view_filter ] --END-- [ RunTime:0.014760s ]
INFO: [ app_end ] --START--
INFO: Run Behavior\ShowPageTraceBehavior [ RunTime:0.015180s ]
INFO: [ app_end ] --END-- [ RunTime:0.015291s ]

[ 2017-04-24T22:19:17+08:00 ] ::1 /imooc/index.php
INFO: [ app_init ] --START--
INFO: Run Behavior\BuildLiteBehavior [ RunTime:0.000018s ]
INFO: [ app_init ] --END-- [ RunTime:0.000447s ]
INFO: [ app_begin ] --START--
INFO: Run Behavior\ReadHtmlCacheBehavior [ RunTime:0.001248s ]
INFO: [ app_begin ] --END-- [ RunTime:0.001368s ]
NOTIC: [2048] Declaration of Home\Controller\CommonController::error() should be compatible with Think\Controller::error($message = '', $jumpUrl = '', $ajax = false) E:\Apache\htdocs\imooc\Application\Home\Controller\CommonController.class.php 第 24 行.
NOTIC: [2048] Declaration of Common\Model\NewsModel::find() should be compatible with Think\Model::find($options = Array) E:\Apache\htdocs\imooc\Application\Common\Model\NewsModel.class.php 第 9 行.
SQL: SHOW COLUMNS FROM `cms_news` [ RunTime:0.0150s ]
SQL: SELECT * FROM `cms_news` WHERE `status` = 1 ORDER BY count desc,news_id desc  LIMIT 10   [ RunTime:0.0008s ]
NOTIC: [2048] Declaration of Common\Model\PositionContentModel::find() should be compatible with Think\Model::find($options = Array) E:\Apache\htdocs\imooc\Application\Common\Model\PositionContentModel.class.php 第 89 行.
SQL: SHOW COLUMNS FROM `cms_position_content` [ RunTime:0.0064s ]
NOTIC: [8] Undefined index: title E:\Apache\htdocs\imooc\Application\Common\Model\PositionContentModel.class.php 第 18 行.
SQL: SELECT * FROM `cms_position_content` WHERE `status` = 1 AND `position_id` = 2 ORDER BY listorder desc ,id desc LIMIT 1   [ RunTime:0.0006s ]
NOTIC: [8] Undefined index: title E:\Apache\htdocs\imooc\Application\Common\Model\PositionContentModel.class.php 第 18 行.
SQL: SELECT * FROM `cms_position_content` WHERE `status` = 1 AND `position_id` = 3 ORDER BY listorder desc ,id desc LIMIT 3   [ RunTime:0.0005s ]
SQL: SELECT * FROM `cms_news` WHERE `status` = 1 AND `thumb` <> '' ORDER BY news_id desc LIMIT 30   [ RunTime:0.0007s ]
NOTIC: [8] Undefined index: title E:\Apache\htdocs\imooc\Application\Common\Model\PositionContentModel.class.php 第 18 行.
SQL: SELECT * FROM `cms_position_content` WHERE `status` = 1 AND `position_id` = 5 ORDER BY listorder desc ,id desc LIMIT 2   [ RunTime:0.0006s ]
INFO: [ view_parse ] --START--
INFO: [ template_filter ] --START--
INFO: Run Behavior\ContentReplaceBehavior [ RunTime:0.000137s ]
INFO: [ template_filter ] --END-- [ RunTime:0.000249s ]
NOTIC: [2048] Declaration of Common\Model\BasicModel::save() should be compatible with Think\Model::save($data = '', $options = Array) E:\Apache\htdocs\imooc\Application\Common\Model\BasicModel.class.php 第 30 行.
NOTIC: [2048] Declaration of Common\Model\BasicModel::select() should be compatible with Think\Model::select($options = Array) E:\Apache\htdocs\imooc\Application\Common\Model\BasicModel.class.php 第 30 行.
NOTIC: [2048] Declaration of Common\Model\MenuModel::find() should be compatible with Think\Model::find($options = Array) E:\Apache\htdocs\imooc\Application\Common\Model\MenuModel.class.php 第 92 行.
SQL: SHOW COLUMNS FROM `cms_menu` [ RunTime:0.0097s ]
SQL: SELECT * FROM `cms_menu` WHERE `status` = 1 AND `type` = 0 ORDER BY listorder desc,menu_id desc  [ RunTime:0.0011s ]
NOTIC: [8] Undefined index: name E:\Apache\htdocs\imooc\Application\Runtime\Cache\Home\2a94b8bda04ff446dcedd42276fc99ee.php 第 80 行.
NOTIC: [8] Undefined index: name E:\Apache\htdocs\imooc\Application\Runtime\Cache\Home\2a94b8bda04ff446dcedd42276fc99ee.php 第 80 行.
INFO: Run Behavior\ParseTemplateBehavior [ RunTime:0.038682s ]
INFO: [ view_parse ] --END-- [ RunTime:0.039131s ]
INFO: [ view_filter ] --START--
INFO: Run Behavior\WriteHtmlCacheBehavior [ RunTime:0.001542s ]
INFO: [ view_filter ] --END-- [ RunTime:0.001634s ]
INFO: [ app_end ] --START--
INFO: Run Behavior\ShowPageTraceBehavior [ RunTime:0.001100s ]
INFO: [ app_end ] --END-- [ RunTime:0.001182s ]

[ 2017-04-24T22:19:24+08:00 ] ::1 /imooc/index.php
INFO: [ app_init ] --START--
INFO: Run Behavior\BuildLiteBehavior [ RunTime:0.000028s ]
INFO: [ app_init ] --END-- [ RunTime:0.001090s ]
INFO: [ app_begin ] --START--
INFO: Run Behavior\ReadHtmlCacheBehavior [ RunTime:0.000978s ]
INFO: [ app_begin ] --END-- [ RunTime:0.001103s ]
NOTIC: [2048] Declaration of Home\Controller\CommonController::error() should be compatible with Think\Controller::error($message = '', $jumpUrl = '', $ajax = false) E:\Apache\htdocs\imooc\Application\Home\Controller\CommonController.class.php 第 24 行.
NOTIC: [2048] Declaration of Common\Model\NewsModel::find() should be compatible with Think\Model::find($options = Array) E:\Apache\htdocs\imooc\Application\Common\Model\NewsModel.class.php 第 9 行.
SQL: SHOW COLUMNS FROM `cms_news` [ RunTime:0.0083s ]
SQL: SELECT * FROM `cms_news` WHERE `status` = 1 ORDER BY count desc,news_id desc  LIMIT 10   [ RunTime:0.0008s ]
NOTIC: [2048] Declaration of Common\Model\PositionContentModel::find() should be compatible with Think\Model::find($options = Array) E:\Apache\htdocs\imooc\Application\Common\Model\PositionContentModel.class.php 第 89 行.
SQL: SHOW COLUMNS FROM `cms_position_content` [ RunTime:0.0063s ]
NOTIC: [8] Undefined index: title E:\Apache\htdocs\imooc\Application\Common\Model\PositionContentModel.class.php 第 18 行.
SQL: SELECT * FROM `cms_position_content` WHERE `status` = 1 AND `position_id` = 2 ORDER BY listorder desc ,id desc LIMIT 1   [ RunTime:0.0006s ]
NOTIC: [8] Undefined index: title E:\Apache\htdocs\imooc\Application\Common\Model\PositionContentModel.class.php 第 18 行.
SQL: SELECT * FROM `cms_position_content` WHERE `status` = 1 AND `position_id` = 3 ORDER BY listorder desc ,id desc LIMIT 3   [ RunTime:0.0015s ]
SQL: SELECT * FROM `cms_news` WHERE `status` = 1 AND `thumb` <> '' ORDER BY news_id desc LIMIT 30   [ RunTime:0.0016s ]
NOTIC: [8] Undefined index: title E:\Apache\htdocs\imooc\Application\Common\Model\PositionContentModel.class.php 第 18 行.
SQL: SELECT * FROM `cms_position_content` WHERE `status` = 1 AND `position_id` = 5 ORDER BY listorder desc ,id desc LIMIT 2   [ RunTime:0.0006s ]
INFO: [ view_parse ] --START--
INFO: [ template_filter ] --START--
INFO: Run Behavior\ContentReplaceBehavior [ RunTime:0.000110s ]
INFO: [ template_filter ] --END-- [ RunTime:0.000183s ]
NOTIC: [2048] Declaration of Common\Model\BasicModel::save() should be compatible with Think\Model::save($data = '', $options = Array) E:\Apache\htdocs\imooc\Application\Common\Model\BasicModel.class.php 第 30 行.
NOTIC: [2048] Declaration of Common\Model\BasicModel::select() should be compatible with Think\Model::select($options = Array) E:\Apache\htdocs\imooc\Application\Common\Model\BasicModel.class.php 第 30 行.
NOTIC: [2048] Declaration of Common\Model\MenuModel::find() should be compatible with Think\Model::find($options = Array) E:\Apache\htdocs\imooc\Application\Common\Model\MenuModel.class.php 第 92 行.
SQL: SHOW COLUMNS FROM `cms_menu` [ RunTime:0.0078s ]
SQL: SELECT * FROM `cms_menu` WHERE `status` = 1 AND `type` = 0 ORDER BY listorder desc,menu_id desc  [ RunTime:0.0014s ]
NOTIC: [8] Undefined index: name E:\Apache\htdocs\imooc\Application\Runtime\Cache\Home\2a94b8bda04ff446dcedd42276fc99ee.php 第 80 行.
NOTIC: [8] Undefined index: name E:\Apache\htdocs\imooc\Application\Runtime\Cache\Home\2a94b8bda04ff446dcedd42276fc99ee.php 第 80 行.
INFO: Run Behavior\ParseTemplateBehavior [ RunTime:0.038247s ]
INFO: [ view_parse ] --END-- [ RunTime:0.038371s ]
INFO: [ view_filter ] --START--
INFO: Run Behavior\WriteHtmlCacheBehavior [ RunTime:0.000864s ]
INFO: [ view_filter ] --END-- [ RunTime:0.000956s ]
INFO: [ app_end ] --START--
INFO: Run Behavior\ShowPageTraceBehavior [ RunTime:0.001263s ]
INFO: [ app_end ] --END-- [ RunTime:0.001353s ]

[ 2017-04-24T22:19:32+08:00 ] ::1 /imooc/index.php
INFO: [ app_init ] --START--
INFO: Run Behavior\BuildLiteBehavior [ RunTime:0.000027s ]
INFO: [ app_init ] --END-- [ RunTime:0.001732s ]
INFO: [ app_begin ] --START--
INFO: Run Behavior\ReadHtmlCacheBehavior [ RunTime:0.001660s ]
INFO: [ app_begin ] --END-- [ RunTime:0.001779s ]
NOTIC: [2048] Declaration of Home\Controller\CommonController::error() should be compatible with Think\Controller::error($message = '', $jumpUrl = '', $ajax = false) E:\Apache\htdocs\imooc\Application\Home\Controller\CommonController.class.php 第 24 行.
NOTIC: [2048] Declaration of Common\Model\NewsModel::find() should be compatible with Think\Model::find($options = Array) E:\Apache\htdocs\imooc\Application\Common\Model\NewsModel.class.php 第 9 行.
SQL: SHOW COLUMNS FROM `cms_news` [ RunTime:0.0088s ]
SQL: SELECT * FROM `cms_news` WHERE `status` = 1 ORDER BY count desc,news_id desc  LIMIT 10   [ RunTime:0.0011s ]
NOTIC: [2048] Declaration of Common\Model\PositionContentModel::find() should be compatible with Think\Model::find($options = Array) E:\Apache\htdocs\imooc\Application\Common\Model\PositionContentModel.class.php 第 89 行.
SQL: SHOW COLUMNS FROM `cms_position_content` [ RunTime:0.0065s ]
NOTIC: [8] Undefined index: title E:\Apache\htdocs\imooc\Application\Common\Model\PositionContentModel.class.php 第 18 行.
SQL: SELECT * FROM `cms_position_content` WHERE `status` = 1 AND `position_id` = 2 ORDER BY listorder desc ,id desc LIMIT 1   [ RunTime:0.0007s ]
NOTIC: [8] Undefined index: title E:\Apache\htdocs\imooc\Application\Common\Model\PositionContentModel.class.php 第 18 行.
SQL: SELECT * FROM `cms_position_content` WHERE `status` = 1 AND `position_id` = 3 ORDER BY listorder desc ,id desc LIMIT 3   [ RunTime:0.0007s ]
SQL: SELECT * FROM `cms_news` WHERE `status` = 1 AND `thumb` <> '' ORDER BY news_id desc LIMIT 30   [ RunTime:0.0009s ]
NOTIC: [8] Undefined index: title E:\Apache\htdocs\imooc\Application\Common\Model\PositionContentModel.class.php 第 18 行.
SQL: SELECT * FROM `cms_position_content` WHERE `status` = 1 AND `position_id` = 5 ORDER BY listorder desc ,id desc LIMIT 2   [ RunTime:0.0007s ]
INFO: [ view_parse ] --START--
INFO: [ template_filter ] --START--
INFO: Run Behavior\ContentReplaceBehavior [ RunTime:0.000146s ]
INFO: [ template_filter ] --END-- [ RunTime:0.000241s ]
NOTIC: [2048] Declaration of Common\Model\BasicModel::save() should be compatible with Think\Model::save($data = '', $options = Array) E:\Apache\htdocs\imooc\Application\Common\Model\BasicModel.class.php 第 30 行.
NOTIC: [2048] Declaration of Common\Model\BasicModel::select() should be compatible with Think\Model::select($options = Array) E:\Apache\htdocs\imooc\Application\Common\Model\BasicModel.class.php 第 30 行.
NOTIC: [2048] Declaration of Common\Model\MenuModel::find() should be compatible with Think\Model::find($options = Array) E:\Apache\htdocs\imooc\Application\Common\Model\MenuModel.class.php 第 92 行.
SQL: SHOW COLUMNS FROM `cms_menu` [ RunTime:0.0092s ]
SQL: SELECT * FROM `cms_menu` WHERE `status` = 1 AND `type` = 0 ORDER BY listorder desc,menu_id desc  [ RunTime:0.0013s ]
NOTIC: [8] Undefined index: name E:\Apache\htdocs\imooc\Application\Runtime\Cache\Home\2a94b8bda04ff446dcedd42276fc99ee.php 第 80 行.
NOTIC: [8] Undefined index: name E:\Apache\htdocs\imooc\Application\Runtime\Cache\Home\2a94b8bda04ff446dcedd42276fc99ee.php 第 80 行.
INFO: Run Behavior\ParseTemplateBehavior [ RunTime:0.043086s ]
INFO: [ view_parse ] --END-- [ RunTime:0.043196s ]
INFO: [ view_filter ] --START--
INFO: Run Behavior\WriteHtmlCacheBehavior [ RunTime:0.000945s ]
INFO: [ view_filter ] --END-- [ RunTime:0.001036s ]
INFO: [ app_end ] --START--
INFO: Run Behavior\ShowPageTraceBehavior [ RunTime:0.001604s ]
INFO: [ app_end ] --END-- [ RunTime:0.001695s ]

[ 2017-04-24T22:19:47+08:00 ] ::1 /imooc/index.php?c=cat&id=3
INFO: [ app_init ] --START--
INFO: Run Behavior\BuildLiteBehavior [ RunTime:0.000028s ]
INFO: [ app_init ] --END-- [ RunTime:0.001505s ]
INFO: [ app_begin ] --START--
INFO: Run Behavior\ReadHtmlCacheBehavior [ RunTime:0.000940s ]
INFO: [ app_begin ] --END-- [ RunTime:0.001175s ]
NOTIC: [2048] Declaration of Home\Controller\CommonController::error() should be compatible with Think\Controller::error($message = '', $jumpUrl = '', $ajax = false) E:\Apache\htdocs\imooc\Application\Home\Controller\CommonController.class.php 第 24 行.
NOTIC: [2048] Declaration of Common\Model\MenuModel::find() should be compatible with Think\Model::find($options = Array) E:\Apache\htdocs\imooc\Application\Common\Model\MenuModel.class.php 第 5 行.
SQL: SHOW COLUMNS FROM `cms_menu` [ RunTime:0.0061s ]
SQL: SELECT * FROM `cms_menu` WHERE ( menu_id=3 ) LIMIT 1   [ RunTime:0.0007s ]
NOTIC: [2048] Declaration of Common\Model\PositionContentModel::find() should be compatible with Think\Model::find($options = Array) E:\Apache\htdocs\imooc\Application\Common\Model\PositionContentModel.class.php 第 89 行.
SQL: SHOW COLUMNS FROM `cms_position_content` [ RunTime:0.0076s ]
NOTIC: [8] Undefined index: title E:\Apache\htdocs\imooc\Application\Common\Model\PositionContentModel.class.php 第 18 行.
SQL: SELECT * FROM `cms_position_content` WHERE `status` = 1 AND `position_id` = 5 ORDER BY listorder desc ,id desc LIMIT 2   [ RunTime:0.0011s ]
NOTIC: [2048] Declaration of Common\Model\NewsModel::find() should be compatible with Think\Model::find($options = Array) E:\Apache\htdocs\imooc\Application\Common\Model\NewsModel.class.php 第 145 行.
SQL: SHOW COLUMNS FROM `cms_news` [ RunTime:0.0103s ]
SQL: SELECT * FROM `cms_news` WHERE `status` = 1 ORDER BY count desc,news_id desc  LIMIT 10   [ RunTime:0.0015s ]
NOTIC: [8] Undefined index: p E:\Apache\htdocs\imooc\Application\Home\Controller\CatController.class.php 第 18 行.
SQL: SELECT * FROM `cms_news` WHERE `status` <> -1 AND `thumb` <> '' AND `catid` = 3 ORDER BY listorder desc ,news_id desc LIMIT 0,20   [ RunTime:0.0017s ]
SQL: SELECT COUNT(*) AS tp_count FROM `cms_news` WHERE `status` <> -1 AND `thumb` <> '' AND `catid` = 3 LIMIT 1   [ RunTime:0.0014s ]
INFO: [ view_parse ] --START--
INFO: [ template_filter ] --START--
INFO: Run Behavior\ContentReplaceBehavior [ RunTime:0.000105s ]
INFO: [ template_filter ] --END-- [ RunTime:0.000177s ]
NOTIC: [2048] Declaration of Common\Model\BasicModel::save() should be compatible with Think\Model::save($data = '', $options = Array) E:\Apache\htdocs\imooc\Application\Common\Model\BasicModel.class.php 第 30 行.
NOTIC: [2048] Declaration of Common\Model\BasicModel::select() should be compatible with Think\Model::select($options = Array) E:\Apache\htdocs\imooc\Application\Common\Model\BasicModel.class.php 第 30 行.
SQL: SELECT * FROM `cms_menu` WHERE `status` = 1 AND `type` = 0 ORDER BY listorder desc,menu_id desc  [ RunTime:0.0006s ]
NOTIC: [8] Undefined index: name E:\Apache\htdocs\imooc\Application\Runtime\Cache\Home\14fcc139096cfd1d2075eb8db7e60b1e.php 第 71 行.
NOTIC: [8] Undefined index: name E:\Apache\htdocs\imooc\Application\Runtime\Cache\Home\14fcc139096cfd1d2075eb8db7e60b1e.php 第 71 行.
INFO: Run Behavior\ParseTemplateBehavior [ RunTime:0.042475s ]
INFO: [ view_parse ] --END-- [ RunTime:0.042563s ]
INFO: [ view_filter ] --START--
INFO: Run Behavior\WriteHtmlCacheBehavior [ RunTime:0.000629s ]
INFO: [ view_filter ] --END-- [ RunTime:0.000686s ]
INFO: [ app_end ] --START--
INFO: Run Behavior\ShowPageTraceBehavior [ RunTime:0.000861s ]
INFO: [ app_end ] --END-- [ RunTime:0.000924s ]

[ 2017-04-24T22:19:49+08:00 ] ::1 /imooc/index.php?c=cat&id=12
INFO: [ app_init ] --START--
INFO: Run Behavior\BuildLiteBehavior [ RunTime:0.000027s ]
INFO: [ app_init ] --END-- [ RunTime:0.000739s ]
INFO: [ app_begin ] --START--
INFO: Run Behavior\ReadHtmlCacheBehavior [ RunTime:0.000919s ]
INFO: [ app_begin ] --END-- [ RunTime:0.001042s ]
NOTIC: [2048] Declaration of Home\Controller\CommonController::error() should be compatible with Think\Controller::error($message = '', $jumpUrl = '', $ajax = false) E:\Apache\htdocs\imooc\Application\Home\Controller\CommonController.class.php 第 24 行.
NOTIC: [2048] Declaration of Common\Model\MenuModel::find() should be compatible with Think\Model::find($options = Array) E:\Apache\htdocs\imooc\Application\Common\Model\MenuModel.class.php 第 5 行.
SQL: SHOW COLUMNS FROM `cms_menu` [ RunTime:0.0069s ]
SQL: SELECT * FROM `cms_menu` WHERE ( menu_id=12 ) LIMIT 1   [ RunTime:0.0007s ]
NOTIC: [2048] Declaration of Common\Model\PositionContentModel::find() should be compatible with Think\Model::find($options = Array) E:\Apache\htdocs\imooc\Application\Common\Model\PositionContentModel.class.php 第 89 行.
SQL: SHOW COLUMNS FROM `cms_position_content` [ RunTime:0.0109s ]
NOTIC: [8] Undefined index: title E:\Apache\htdocs\imooc\Application\Common\Model\PositionContentModel.class.php 第 18 行.
SQL: SELECT * FROM `cms_position_content` WHERE `status` = 1 AND `position_id` = 5 ORDER BY listorder desc ,id desc LIMIT 2   [ RunTime:0.0011s ]
NOTIC: [2048] Declaration of Common\Model\NewsModel::find() should be compatible with Think\Model::find($options = Array) E:\Apache\htdocs\imooc\Application\Common\Model\NewsModel.class.php 第 145 行.
SQL: SHOW COLUMNS FROM `cms_news` [ RunTime:0.0074s ]
SQL: SELECT * FROM `cms_news` WHERE `status` = 1 ORDER BY count desc,news_id desc  LIMIT 10   [ RunTime:0.0011s ]
NOTIC: [8] Undefined index: p E:\Apache\htdocs\imooc\Application\Home\Controller\CatController.class.php 第 18 行.
SQL: SELECT * FROM `cms_news` WHERE `status` <> -1 AND `thumb` <> '' AND `catid` = 12 ORDER BY listorder desc ,news_id desc LIMIT 0,20   [ RunTime:0.0008s ]
SQL: SELECT COUNT(*) AS tp_count FROM `cms_news` WHERE `status` <> -1 AND `thumb` <> '' AND `catid` = 12 LIMIT 1   [ RunTime:0.0009s ]
INFO: [ view_parse ] --START--
INFO: [ template_filter ] --START--
INFO: Run Behavior\ContentReplaceBehavior [ RunTime:0.000448s ]
INFO: [ template_filter ] --END-- [ RunTime:0.000577s ]
NOTIC: [2048] Declaration of Common\Model\BasicModel::save() should be compatible with Think\Model::save($data = '', $options = Array) E:\Apache\htdocs\imooc\Application\Common\Model\BasicModel.class.php 第 30 行.
NOTIC: [2048] Declaration of Common\Model\BasicModel::select() should be compatible with Think\Model::select($options = Array) E:\Apache\htdocs\imooc\Application\Common\Model\BasicModel.class.php 第 30 行.
SQL: SELECT * FROM `cms_menu` WHERE `status` = 1 AND `type` = 0 ORDER BY listorder desc,menu_id desc  [ RunTime:0.0006s ]
NOTIC: [8] Undefined index: name E:\Apache\htdocs\imooc\Application\Runtime\Cache\Home\14fcc139096cfd1d2075eb8db7e60b1e.php 第 71 行.
NOTIC: [8] Undefined index: name E:\Apache\htdocs\imooc\Application\Runtime\Cache\Home\14fcc139096cfd1d2075eb8db7e60b1e.php 第 71 行.
INFO: Run Behavior\ParseTemplateBehavior [ RunTime:0.034338s ]
INFO: [ view_parse ] --END-- [ RunTime:0.034415s ]
INFO: [ view_filter ] --START--
INFO: Run Behavior\WriteHtmlCacheBehavior [ RunTime:0.000761s ]
INFO: [ view_filter ] --END-- [ RunTime:0.000828s ]
INFO: [ app_end ] --START--
INFO: Run Behavior\ShowPageTraceBehavior [ RunTime:0.001240s ]
INFO: [ app_end ] --END-- [ RunTime:0.001313s ]

[ 2017-04-24T22:19:51+08:00 ] ::1 /imooc/index.php?c=cat&id=8
INFO: [ app_init ] --START--
INFO: Run Behavior\BuildLiteBehavior [ RunTime:0.000027s ]
INFO: [ app_init ] --END-- [ RunTime:0.000667s ]
INFO: [ app_begin ] --START--
INFO: Run Behavior\ReadHtmlCacheBehavior [ RunTime:0.001030s ]
INFO: [ app_begin ] --END-- [ RunTime:0.001150s ]
NOTIC: [2048] Declaration of Home\Controller\CommonController::error() should be compatible with Think\Controller::error($message = '', $jumpUrl = '', $ajax = false) E:\Apache\htdocs\imooc\Application\Home\Controller\CommonController.class.php 第 24 行.
NOTIC: [2048] Declaration of Common\Model\MenuModel::find() should be compatible with Think\Model::find($options = Array) E:\Apache\htdocs\imooc\Application\Common\Model\MenuModel.class.php 第 5 行.
SQL: SHOW COLUMNS FROM `cms_menu` [ RunTime:0.0065s ]
SQL: SELECT * FROM `cms_menu` WHERE ( menu_id=8 ) LIMIT 1   [ RunTime:0.0007s ]
NOTIC: [2048] Declaration of Common\Model\PositionContentModel::find() should be compatible with Think\Model::find($options = Array) E:\Apache\htdocs\imooc\Application\Common\Model\PositionContentModel.class.php 第 89 行.
SQL: SHOW COLUMNS FROM `cms_position_content` [ RunTime:0.0264s ]
NOTIC: [8] Undefined index: title E:\Apache\htdocs\imooc\Application\Common\Model\PositionContentModel.class.php 第 18 行.
SQL: SELECT * FROM `cms_position_content` WHERE `status` = 1 AND `position_id` = 5 ORDER BY listorder desc ,id desc LIMIT 2   [ RunTime:0.0018s ]
NOTIC: [2048] Declaration of Common\Model\NewsModel::find() should be compatible with Think\Model::find($options = Array) E:\Apache\htdocs\imooc\Application\Common\Model\NewsModel.class.php 第 145 行.
SQL: SHOW COLUMNS FROM `cms_news` [ RunTime:0.0069s ]
SQL: SELECT * FROM `cms_news` WHERE `status` = 1 ORDER BY count desc,news_id desc  LIMIT 10   [ RunTime:0.0011s ]
NOTIC: [8] Undefined index: p E:\Apache\htdocs\imooc\Application\Home\Controller\CatController.class.php 第 18 行.
SQL: SELECT * FROM `cms_news` WHERE `status` <> -1 AND `thumb` <> '' AND `catid` = 8 ORDER BY listorder desc ,news_id desc LIMIT 0,20   [ RunTime:0.0007s ]
SQL: SELECT COUNT(*) AS tp_count FROM `cms_news` WHERE `status` <> -1 AND `thumb` <> '' AND `catid` = 8 LIMIT 1   [ RunTime:0.0006s ]
INFO: [ view_parse ] --START--
INFO: [ template_filter ] --START--
INFO: Run Behavior\ContentReplaceBehavior [ RunTime:0.000100s ]
INFO: [ template_filter ] --END-- [ RunTime:0.000176s ]
NOTIC: [2048] Declaration of Common\Model\BasicModel::save() should be compatible with Think\Model::save($data = '', $options = Array) E:\Apache\htdocs\imooc\Application\Common\Model\BasicModel.class.php 第 30 行.
NOTIC: [2048] Declaration of Common\Model\BasicModel::select() should be compatible with Think\Model::select($options = Array) E:\Apache\htdocs\imooc\Application\Common\Model\BasicModel.class.php 第 30 行.
SQL: SELECT * FROM `cms_menu` WHERE `status` = 1 AND `type` = 0 ORDER BY listorder desc,menu_id desc  [ RunTime:0.0012s ]
NOTIC: [8] Undefined index: name E:\Apache\htdocs\imooc\Application\Runtime\Cache\Home\14fcc139096cfd1d2075eb8db7e60b1e.php 第 71 行.
NOTIC: [8] Undefined index: name E:\Apache\htdocs\imooc\Application\Runtime\Cache\Home\14fcc139096cfd1d2075eb8db7e60b1e.php 第 71 行.
INFO: Run Behavior\ParseTemplateBehavior [ RunTime:0.028583s ]
INFO: [ view_parse ] --END-- [ RunTime:0.028656s ]
INFO: [ view_filter ] --START--
INFO: Run Behavior\WriteHtmlCacheBehavior [ RunTime:0.000658s ]
INFO: [ view_filter ] --END-- [ RunTime:0.000720s ]
INFO: [ app_end ] --START--
INFO: Run Behavior\ShowPageTraceBehavior [ RunTime:0.000829s ]
INFO: [ app_end ] --END-- [ RunTime:0.000889s ]

[ 2017-04-24T22:26:01+08:00 ] ::1 /imooc/index.php
INFO: [ app_init ] --START--
INFO: Run Behavior\BuildLiteBehavior [ RunTime:0.000019s ]
INFO: [ app_init ] --END-- [ RunTime:0.000529s ]
INFO: [ app_begin ] --START--
INFO: Run Behavior\ReadHtmlCacheBehavior [ RunTime:0.000828s ]
INFO: [ app_begin ] --END-- [ RunTime:0.000911s ]
NOTIC: [2048] Declaration of Home\Controller\CommonController::error() should be compatible with Think\Controller::error($message = '', $jumpUrl = '', $ajax = false) E:\Apache\htdocs\imooc\Application\Home\Controller\CommonController.class.php 第 24 行.
NOTIC: [2048] Declaration of Common\Model\NewsModel::find() should be compatible with Think\Model::find($options = Array) E:\Apache\htdocs\imooc\Application\Common\Model\NewsModel.class.php 第 9 行.
SQL: SHOW COLUMNS FROM `cms_news` [ RunTime:0.0089s ]
SQL: SELECT * FROM `cms_news` WHERE `status` = 1 ORDER BY count desc,news_id desc  LIMIT 10   [ RunTime:0.0010s ]
NOTIC: [2048] Declaration of Common\Model\PositionContentModel::find() should be compatible with Think\Model::find($options = Array) E:\Apache\htdocs\imooc\Application\Common\Model\PositionContentModel.class.php 第 89 行.
SQL: SHOW COLUMNS FROM `cms_position_content` [ RunTime:0.0060s ]
NOTIC: [8] Undefined index: title E:\Apache\htdocs\imooc\Application\Common\Model\PositionContentModel.class.php 第 18 行.
SQL: SELECT * FROM `cms_position_content` WHERE `status` = 1 AND `position_id` = 2 ORDER BY listorder desc ,id desc LIMIT 1   [ RunTime:0.0006s ]
NOTIC: [8] Undefined index: title E:\Apache\htdocs\imooc\Application\Common\Model\PositionContentModel.class.php 第 18 行.
SQL: SELECT * FROM `cms_position_content` WHERE `status` = 1 AND `position_id` = 3 ORDER BY listorder desc ,id desc LIMIT 3   [ RunTime:0.0006s ]
SQL: SELECT * FROM `cms_news` WHERE `status` = 1 AND `thumb` <> '' ORDER BY news_id desc LIMIT 30   [ RunTime:0.0008s ]
NOTIC: [8] Undefined index: title E:\Apache\htdocs\imooc\Application\Common\Model\PositionContentModel.class.php 第 18 行.
SQL: SELECT * FROM `cms_position_content` WHERE `status` = 1 AND `position_id` = 5 ORDER BY listorder desc ,id desc LIMIT 2   [ RunTime:0.0006s ]
INFO: [ view_parse ] --START--
INFO: [ template_filter ] --START--
INFO: Run Behavior\ContentReplaceBehavior [ RunTime:0.000114s ]
INFO: [ template_filter ] --END-- [ RunTime:0.000190s ]
NOTIC: [2048] Declaration of Common\Model\BasicModel::save() should be compatible with Think\Model::save($data = '', $options = Array) E:\Apache\htdocs\imooc\Application\Common\Model\BasicModel.class.php 第 30 行.
NOTIC: [2048] Declaration of Common\Model\BasicModel::select() should be compatible with Think\Model::select($options = Array) E:\Apache\htdocs\imooc\Application\Common\Model\BasicModel.class.php 第 30 行.
NOTIC: [2048] Declaration of Common\Model\MenuModel::find() should be compatible with Think\Model::find($options = Array) E:\Apache\htdocs\imooc\Application\Common\Model\MenuModel.class.php 第 92 行.
SQL: SHOW COLUMNS FROM `cms_menu` [ RunTime:0.0170s ]
SQL: SELECT * FROM `cms_menu` WHERE `status` = 1 AND `type` = 0 ORDER BY listorder desc,menu_id desc  [ RunTime:0.0006s ]
NOTIC: [8] Undefined index: name E:\Apache\htdocs\imooc\Application\Runtime\Cache\Home\2a94b8bda04ff446dcedd42276fc99ee.php 第 80 行.
NOTIC: [8] Undefined index: name E:\Apache\htdocs\imooc\Application\Runtime\Cache\Home\2a94b8bda04ff446dcedd42276fc99ee.php 第 80 行.
INFO: Run Behavior\ParseTemplateBehavior [ RunTime:0.042237s ]
INFO: [ view_parse ] --END-- [ RunTime:0.042391s ]
INFO: [ view_filter ] --START--
INFO: Run Behavior\WriteHtmlCacheBehavior [ RunTime:0.000700s ]
INFO: [ view_filter ] --END-- [ RunTime:0.000763s ]
INFO: [ app_end ] --START--
INFO: Run Behavior\ShowPageTraceBehavior [ RunTime:0.000876s ]
INFO: [ app_end ] --END-- [ RunTime:0.000937s ]

[ 2017-04-24T22:26:26+08:00 ] ::1 /imooc/index.php?m=admin&c=index&a=login
INFO: [ app_init ] --START--
INFO: Run Behavior\BuildLiteBehavior [ RunTime:0.000027s ]
INFO: [ app_init ] --END-- [ RunTime:0.000841s ]
INFO: [ app_begin ] --START--
INFO: Run Behavior\ReadHtmlCacheBehavior [ RunTime:0.000916s ]
INFO: [ app_begin ] --END-- [ RunTime:0.001040s ]
NOTIC: [2048] Declaration of Home\Controller\CommonController::error() should be compatible with Think\Controller::error($message = '', $jumpUrl = '', $ajax = false) E:\Apache\htdocs\imooc\Application\Home\Controller\CommonController.class.php 第 24 行.
ERR: 非法操作:login

[ 2017-04-24T22:27:00+08:00 ] ::1 /imooc/index.php?m=admin&c=login&a=index
INFO: [ app_init ] --START--
INFO: Run Behavior\BuildLiteBehavior [ RunTime:0.000019s ]
INFO: [ app_init ] --END-- [ RunTime:0.000492s ]
INFO: [ app_begin ] --START--
INFO: Run Behavior\ReadHtmlCacheBehavior [ RunTime:0.000643s ]
INFO: [ app_begin ] --END-- [ RunTime:0.000724s ]
ERR: 无法加载控制器:Login

[ 2017-04-24T22:29:18+08:00 ] ::1 /imooc/index.php?m=admin&c=login&a=index
INFO: [ app_init ] --START--
INFO: Run Behavior\BuildLiteBehavior [ RunTime:0.000019s ]
INFO: [ app_init ] --END-- [ RunTime:0.000538s ]
INFO: [ app_begin ] --START--
INFO: Run Behavior\ReadHtmlCacheBehavior [ RunTime:0.000832s ]
INFO: [ app_begin ] --END-- [ RunTime:0.000917s ]
ERR: 无法加载控制器:Login

[ 2017-04-24T22:30:42+08:00 ] ::1 /imooc/index.php?m=admin&c=login&a=index
INFO: [ app_init ] --START--
INFO: Run Behavior\BuildLiteBehavior [ RunTime:0.000019s ]
INFO: [ app_init ] --END-- [ RunTime:0.000571s ]
INFO: [ app_begin ] --START--
INFO: Run Behavior\ReadHtmlCacheBehavior [ RunTime:0.000597s ]
INFO: [ app_begin ] --END-- [ RunTime:0.000696s ]
ERR: 无法加载控制器:Login

